**********************
PowerShell transcript start
Start time: 20200820213706
Username: WIN-1SNE3C4HK4A\Administrator
RunAs User: WIN-1SNE3C4HK4A\Administrator
Configuration Name: 
Machine: WIN-1SNE3C4HK4A (Microsoft Windows NT 10.0.17763.0)
Host Application: C:\Program Files\PowerShell\7\pwsh.dll -NoProfile -NonInteractive -ExecutionPolicy Bypass -Command Import-Module 'c:\Users\Administrator\.vscode\extensions\ms-vscode.powershell-2020.6.0\modules\PowerShellEditorServices\PowerShellEditorServices.psd1'; Start-EditorServices -HostName 'Visual Studio Code Host' -HostProfileId 'Microsoft.VSCode' -HostVersion '2020.6.0' -AdditionalModules @('PowerShellEditorServices.VSCode') -BundledModulesPath 'c:\Users\Administrator\.vscode\extensions\ms-vscode.powershell-2020.6.0\modules' -EnableConsoleRepl -StartupBanner "=====> PowerShell Integrated Console v2020.6.0 <=====
" -LogLevel 'Normal' -LogPath 'c:\Users\Administrator\.vscode\extensions\ms-vscode.powershell-2020.6.0\logs\1597950425-2915d357-79bd-49ce-a8e5-d765007f24751597936170507\EditorServices.log' -SessionDetailsPath 'c:\Users\Administrator\.vscode\extensions\ms-vscode.powershell-2020.6.0\sessions\PSES-VSCode-4416-886389' -FeatureFlags @() 
Process ID: 6068
PSVersion: 7.0.3
PSEdition: Core
GitCommitId: 7.0.3
OS: Microsoft Windows 10.0.17763
Platform: Win32NT
PSCompatibleVersions: 1.0, 2.0, 3.0, 4.0, 5.0, 5.1.10032.0, 6.0.0, 6.1.0, 6.2.0, 7.0.3
PSRemotingProtocolVersion: 2.3
SerializationVersion: 1.1.0.1
WSManStackVersion: 3.0
**********************
Transcript started, output file is .\logs\WFMReporting.2020-08-20-21-37-06-705.log

PS C:\Code\powershell> @{ 'computerName' = if ([Environment]::MachineName) {[Environment]::MachineName}  else {'localhost'}; 'processId' = $PID; 'instanceId' = $host.InstanceId }

Name                           Value
----                           -----
instanceId                     6392c774-aa56-4b1b-9762-dcf9383f9dab
computerName                   WIN-1SNE3C4HK4A
processId                      6068

PS C:\Code\powershell> Stop-Transcript
**********************
PowerShell transcript end
End time: 20200820213712
**********************
